# RTL_ID 22011200
#
# Events:
#    N - no event
#    E - exception
#    I - interrupt
#    W - wakeup
# =====================================================================================
# : Core Reset
# =====================================================================================
# Test: illegal.hex
#           Time   Ev  Curr_PC    Instr      Next_PC    Reg        Value     
# =====================================================================================
               3   N   00000000   00000000   00000f00   ---        --------
               6   N   00000f00   0000e101   00000f04   x10_a0     00000000
               7   N   00000f04   00004e01   00000f06   ---        --------
               8   N   00000f06   00000297   00000f08   x28_t3     00000000
               9   N   00000f08   bf828293   00000f0c   x05_t0     00000f08
              10   N   00000f0c   30529073   00000f10   x05_t0     00000b00
              11   N   00000f10   00004505   00000f14   ---        --------
              12   N   00000f14   0000057e   00000f16   x10_a0     00000001
              13   N   00000f16   00054863   00000f18   x10_a0     80000000
              14   N   00000f18   0ff0000f   00000f28   ---        --------
              17   N   00000f28   00028f63   00000f2c   x05_t0     00000000
              18   N   00000f2c   10529073   00000f4a   ---        --------
              22   N   00000f4a   00006509   00000f4e   ---        --------
              23   N   00000f4e   00006509   00000f4e   ---        --------
              24   N   00000f4e   80050513   00000f50   x10_a0     00002000
              25   N   00000f50   30052073   00000f54   x10_a0     00001800
              26   N   00000f54   00000297   00000f58   ---        --------
              27   N   00000f58   00000297   00000f58   ---        --------
              28   N   00000f58   6bf28293   00000f5c   x05_t0     00000f58
              29   N   00000f5c   34129073   00000f60   x05_t0     00001617
              30   N   00000f60   f1402573   00000f64   ---        --------
              31   N   00000f64   30200073   00000f68   x10_a0     00000000
              33   N   00000f68   00000000   00001616   ---        --------
              36   N   00001616   00200e13   00001618   x08_s0     00000080
              37   N   00001618   00000000   0000161c   x28_t3     00000002
              38   E   0000161c   00000000   00000b00   mstatus    00001800
              38   E   0000161c   00000000   00000b00   mepc       0000161c
              38   E   0000161c   00000000   00000b00   mcause     00000002
              38   E   0000161c   00000000   00000b00   mtval      00000000
              41   N   00000b00   00004785   00000b04   x14_a4     00000002
              42   N   00000b04   00008ff9   00000b06   x15_a5     00000001
              43   N   00000b06   0000c385   00000b08   x15_a5     00000000
              44   N   00000b08   f0000837   00000b28   ---        --------
              47   N   00000b28   02f70463   00000b2a   x15_a5     00000008
              48   N   00000b2a   000047a5   00000b2e   ---        --------
              49   N   00000b2e   02f70163   00000b30   x15_a5     00000009
              50   N   00000b30   000047ad   00000b34   ---        --------
              51   N   00000b34   00f70e63   00000b36   x15_a5     0000000b
              52   N   00000b36   47ad1717   00000b3a   ---        --------
              54   N   00000b3a   00f70713   00000b3e   x14_a4     00001b3a
              56   N   00000b3e   0000c311   00000b42   x14_a4     00001800
              57   N   00000b42   00008702   00000b44   ---        --------
              58   N   00000b44   34202773   00001800   ---        --------
              61   N   00001800   e6dff06f   00001840   ---        --------
              64   N   00001840   342022f3   00001844   x06_t1     00000002
              65   N   00001844   ec6296e3   00001848   x05_t0     00000002
              66   N   00001848   341022f3   0000184c   ---        --------
              67   N   0000184c   343023f3   00001850   x05_t0     0000161c
              68   N   00001850   00038e63   00001854   x07_t2     00000000
              69   N   00001854   0002d303   00001870   ---        --------
              72   N   00001870   dac30313   00001874   x06_t1     00001870
              73   N   00001874   04628e63   00001878   x06_t1     0000161c
              74   N   00001878   00000317   000018d4   ---        --------
              77   N   000018d4   34129073   000018d8   x05_t0     00001624
              78   N   000018d8   30200073   000018dc   ---        --------
              80   N   000018dc   00200337   00001624   ---        --------
              83   N   00001624   80028293   00001628   x05_t0     00002000
              84   N   00001628   3002b073   0000162c   x05_t0     00001800
              85   N   0000162c   00001337   00001630   ---        --------
              86   N   00001630   00001337   00001630   ---        --------
              87   N   00001630   80030313   00001634   x06_t1     00001000
              88   N   00001634   30032073   00001638   x06_t1     00000800
              89   N   00001638   300023f3   0000163c   ---        --------
              90   N   0000163c   300023f3   0000163c   ---        --------
              91   N   0000163c   0053f3b3   00001640   x07_t2     00001880
              92   N   00001640   0e731063   00001644   x07_t2     00001800
              93   N   00001644   34415073   00001724   ---        --------
              96   N   00001724   000e0593   00001728   ---        --------
              97   N   00001728   00000513   0000172c   x11_a1     00000002
              98   N   0000172c   00000073   00001730   x10_a0     00000000
              99   E   00001730   00000013   00000b00   mstatus    00001800
              99   E   00001730   00000013   00000b00   mepc       00001730
              99   E   00001730   00000013   00000b00   mcause     0000000b
              99   E   00001730   00000013   00000b00   mtval      00000000
             102   N   00000b00   00004785   00000b04   x14_a4     0000000b
             103   N   00000b04   00008ff9   00000b06   x15_a5     00000001
             104   N   00000b06   0000c385   00000b08   x15_a5     00000001
             105   N   00000b08   f0000837   00000b0a   ---        --------
             106   N   00000b0a   c3851897   00000b0e   x16_a6     f0000000
             108   N   00000b0e   f0008893   00000b12   x17_a7     00001b0e
             110   N   00000b12   00008783   00000b16   x17_a7     00001600
             113   N   00000b16   0000c791   00000b1a   x15_a5     00000049
             114   N   00000b1a   00f82023   00000b1c   ---        --------
             116   N   00000b1c   00000885   00000b20   ---        --------
             117   N   00000b20   ff5ff06f   00000b22   x17_a7     00001601
             118   N   00000b22   0000a035   00000b16   ---        --------
             123   N   00000b16   0000c791   00000b1a   x15_a5     0000006e
             124   N   00000b1a   00f82023   00000b1c   ---        --------
             126   N   00000b1c   00000885   00000b20   ---        --------
             127   N   00000b20   ff5ff06f   00000b22   x17_a7     00001602
             128   N   00000b22   0000a035   00000b16   ---        --------
             133   N   00000b16   0000c791   00000b1a   x15_a5     00000063
             134   N   00000b1a   00f82023   00000b1c   ---        --------
             136   N   00000b1c   00000885   00000b20   ---        --------
             137   N   00000b20   ff5ff06f   00000b22   x17_a7     00001603
             138   N   00000b22   0000a035   00000b16   ---        --------
             143   N   00000b16   0000c791   00000b1a   x15_a5     0000006f
             144   N   00000b1a   00f82023   00000b1c   ---        --------
             146   N   00000b1c   00000885   00000b20   ---        --------
             147   N   00000b20   ff5ff06f   00000b22   x17_a7     00001604
             148   N   00000b22   0000a035   00000b16   ---        --------
             153   N   00000b16   0000c791   00000b1a   x15_a5     00000072
             154   N   00000b1a   00f82023   00000b1c   ---        --------
             156   N   00000b1c   00000885   00000b20   ---        --------
             157   N   00000b20   ff5ff06f   00000b22   x17_a7     00001605
             158   N   00000b22   0000a035   00000b16   ---        --------
             163   N   00000b16   0000c791   00000b1a   x15_a5     00000072
             164   N   00000b1a   00f82023   00000b1c   ---        --------
             166   N   00000b1c   00000885   00000b20   ---        --------
             167   N   00000b20   ff5ff06f   00000b22   x17_a7     00001606
             168   N   00000b22   0000a035   00000b16   ---        --------
             173   N   00000b16   0000c791   00000b1a   x15_a5     00000065
             174   N   00000b1a   00f82023   00000b1c   ---        --------
             176   N   00000b1c   00000885   00000b20   ---        --------
             177   N   00000b20   ff5ff06f   00000b22   x17_a7     00001607
             178   N   00000b22   0000a035   00000b16   ---        --------
             183   N   00000b16   0000c791   00000b1a   x15_a5     00000063
             184   N   00000b1a   00f82023   00000b1c   ---        --------
             186   N   00000b1c   00000885   00000b20   ---        --------
             187   N   00000b20   ff5ff06f   00000b22   x17_a7     00001608
             188   N   00000b22   0000a035   00000b16   ---        --------
             193   N   00000b16   0000c791   00000b1a   x15_a5     00000074
             194   N   00000b1a   00f82023   00000b1c   ---        --------
             196   N   00000b1c   00000885   00000b20   ---        --------
             197   N   00000b20   ff5ff06f   00000b22   x17_a7     00001609
             198   N   00000b22   0000a035   00000b16   ---        --------
             203   N   00000b16   0000c791   00000b1a   x15_a5     00000020
             204   N   00000b1a   00f82023   00000b1c   ---        --------
             206   N   00000b1c   00000885   00000b20   ---        --------
             207   N   00000b20   ff5ff06f   00000b22   x17_a7     0000160a
             208   N   00000b22   0000a035   00000b16   ---        --------
             213   N   00000b16   0000c791   00000b1a   x15_a5     00000049
             214   N   00000b1a   00f82023   00000b1c   ---        --------
             216   N   00000b1c   00000885   00000b20   ---        --------
             217   N   00000b20   ff5ff06f   00000b22   x17_a7     0000160b
             218   N   00000b22   0000a035   00000b16   ---        --------
             223   N   00000b16   0000c791   00000b1a   x15_a5     0000006e
             224   N   00000b1a   00f82023   00000b1c   ---        --------
             226   N   00000b1c   00000885   00000b20   ---        --------
             227   N   00000b20   ff5ff06f   00000b22   x17_a7     0000160c
             228   N   00000b22   0000a035   00000b16   ---        --------
             233   N   00000b16   0000c791   00000b1a   x15_a5     00000073
             234   N   00000b1a   00f82023   00000b1c   ---        --------
             236   N   00000b1c   00000885   00000b20   ---        --------
             237   N   00000b20   ff5ff06f   00000b22   x17_a7     0000160d
             238   N   00000b22   0000a035   00000b16   ---        --------
             243   N   00000b16   0000c791   00000b1a   x15_a5     00000074
             244   N   00000b1a   00f82023   00000b1c   ---        --------
             246   N   00000b1c   00000885   00000b20   ---        --------
             247   N   00000b20   ff5ff06f   00000b22   x17_a7     0000160e
             248   N   00000b22   0000a035   00000b16   ---        --------
             253   N   00000b16   0000c791   00000b1a   x15_a5     00000072
             254   N   00000b1a   00f82023   00000b1c   ---        --------
             256   N   00000b1c   00000885   00000b20   ---        --------
             257   N   00000b20   ff5ff06f   00000b22   x17_a7     0000160f
             258   N   00000b22   0000a035   00000b16   ---        --------
             263   N   00000b16   0000c791   00000b1a   x15_a5     00000075
             264   N   00000b1a   00f82023   00000b1c   ---        --------
             266   N   00000b1c   00000885   00000b20   ---        --------
             267   N   00000b20   ff5ff06f   00000b22   x17_a7     00001610
             268   N   00000b22   0000a035   00000b16   ---        --------
             273   N   00000b16   0000c791   00000b1a   x15_a5     00000063
             274   N   00000b1a   00f82023   00000b1c   ---        --------
             276   N   00000b1c   00000885   00000b20   ---        --------
             277   N   00000b20   ff5ff06f   00000b22   x17_a7     00001611
             278   N   00000b22   0000a035   00000b16   ---        --------
             283   N   00000b16   0000c791   00000b1a   x15_a5     00000074
             284   N   00000b1a   00f82023   00000b1c   ---        --------
             286   N   00000b1c   00000885   00000b20   ---        --------
             287   N   00000b20   ff5ff06f   00000b22   x17_a7     00001612
             288   N   00000b22   0000a035   00000b16   ---        --------
             293   N   00000b16   0000c791   00000b1a   x15_a5     00000069
             294   N   00000b1a   00f82023   00000b1c   ---        --------
             296   N   00000b1c   00000885   00000b20   ---        --------
             297   N   00000b20   ff5ff06f   00000b22   x17_a7     00001613
             298   N   00000b22   0000a035   00000b16   ---        --------
             303   N   00000b16   0000c791   00000b1a   x15_a5     0000006f
             304   N   00000b1a   00f82023   00000b1c   ---        --------
             306   N   00000b1c   00000885   00000b20   ---        --------
             307   N   00000b20   ff5ff06f   00000b22   x17_a7     00001614
             308   N   00000b22   0000a035   00000b16   ---        --------
             313   N   00000b16   0000c791   00000b1a   x15_a5     0000006e
             314   N   00000b1a   00f82023   00000b1c   ---        --------
             316   N   00000b1c   00000885   00000b20   ---        --------
             317   N   00000b20   ff5ff06f   00000b22   x17_a7     00001615
             318   N   00000b22   0000a035   00000b16   ---        --------
             323   N   00000b16   0000c791   00000b1a   x15_a5     00000021
             324   N   00000b1a   00f82023   00000b1c   ---        --------
             326   N   00000b1c   00000885   00000b20   ---        --------
             327   N   00000b20   ff5ff06f   00000b22   x17_a7     00001616
             328   N   00000b22   0000a035   00000b16   ---        --------
             333   N   00000b16   0000c791   00000b1a   x15_a5     00000000
             334   N   00000b1a   00f82023   00000b26   ---        --------
             337   N   00000b26   000047a1   00000b52   ---        --------
             341   N   00000b52   20230013   000019e0   ---        --------
             344   N   000019e0   71428293   000019e4   x05_t0     fffff9e0
             345   N   000019e4   00008282   000019e8   x05_t0     000000f4
             346   N   000019e8   00000013   000000f4   ---        --------
             349   N   000000f4   0000006f   000000f8   ---        --------
             350   N   000000f8   ffffffff   000000f8   ---        --------
